<?xml version="1.0" encoding="UTF-8"?>
<!-- Generated by org.testng.reporters.JUnitReportReporter -->
<testsuite hostname="DESKTOP-80U724K" failures="0" tests="2" name="loginPage.loginPageTest" time="4.569" errors="0" timestamp="2023-07-16T09:30:15 IST" skipped="0">
  <testcase classname="loginPage.loginPageTest" name="setCredentials" time="0.597"/>
  <testcase classname="loginPage.loginPageTest" name="submit" time="3.972"/>
</testsuite> <!-- loginPage.loginPageTest -->
